<?xml version="1.0" encoding="UTF-8"?>
<!-- Generated by org.testng.reporters.JUnitXMLReporter -->
<testsuite ignored="0" hostname="S3NPAI" failures="0" tests="6" name="Test" time="0.075" errors="0" timestamp="2024-01-04T10:24:19 IST">
  <testcase classname="com.example.NewTest2" name="test4" time="0.01"/>
  <testcase classname="com.example.NewTest2" name="test5" time="0.003"/>
  <testcase classname="com.example.NewTest2" name="test6" time="0.001"/>
  <testcase classname="com.example.NewTest1" name="test1" time="0.001"/>
  <testcase classname="com.example.NewTest1" name="test2" time="0.001"/>
  <testcase classname="com.example.NewTest1" name="test3" time="0.001"/>
</testsuite> <!-- Test -->
