<?xml version="1.0" encoding="UTF-8"?>
<!-- Generated by org.testng.reporters.JUnitXMLReporter -->
<testsuite ignored="1" hostname="S3NPAI" failures="0" tests="2" name="Test1" time="0.065" errors="0" timestamp="2024-01-04T10:26:57 IST">
  <testcase classname="com.example.NewTest1" name="test1" time="0.009"/>
  <testcase classname="com.example.NewTest1" name="test3" time="0.001"/>
  <testcase classname="com.example.NewTest1" name="test2" time="0.0">
    <ignored/>
  </testcase> <!-- test2 -->
</testsuite> <!-- Test1 -->
