<?xml version="1.0" encoding="UTF-8"?>
<testng-results ignored="0" total="1" passed="1" failed="0" skipped="0">
  <reporter-output>
  </reporter-output>
  <suite started-at="2024-01-23T16:35:05 IST" name="Default suite" finished-at="2024-01-23T16:35:11 IST" duration-ms="5726">
    <groups>
    </groups>
    <test started-at="2024-01-23T16:35:05 IST" name="Default test" finished-at="2024-01-23T16:35:11 IST" duration-ms="5726">
      <class name="com.example.RegisterStudent">
        <test-method is-config="true" signature="intiate()[pri:0, instance:com.example.RegisterStudent@306e95ec]" started-at="2024-01-23T16:35:05 IST" name="intiate" finished-at="2024-01-23T16:35:07 IST" duration-ms="2544" status="PASS">
          <reporter-output>
          </reporter-output>
        </test-method> <!-- intiate -->
        <test-method signature="feedback()[pri:0, instance:com.example.RegisterStudent@306e95ec]" started-at="2024-01-23T16:35:08 IST" name="feedback" finished-at="2024-01-23T16:35:11 IST" duration-ms="3130" status="PASS">
          <reporter-output>
          </reporter-output>
        </test-method> <!-- feedback -->
      </class> <!-- com.example.RegisterStudent -->
    </test> <!-- Default test -->
  </suite> <!-- Default suite -->
</testng-results>
